<?xml version="1.0" encoding="UTF-8"?>
<beans xmlns="http://www.springframework.org/schema/beans"
	xmlns:xsi="http://www.w3.org/2001/XMLSchema-instance" xmlns:os-sla="http://www.openspaces.org/schema/sla"
	xmlns:context="http://www.springframework.org/schema/context"
	xmlns:os-core="http://www.openspaces.org/schema/core"
	xmlns:os-events="http://www.openspaces.org/schema/events"
	xmlns:os-archive="http://www.openspaces.org/schema/archive"
	xsi:schemaLocation="http://www.springframework.org/schema/beans http://www.springframework.org/schema/beans/spring-beans-3.1.xsd 
	                    http://www.springframework.org/schema/context http://www.springframework.org/schema/context/spring-context-3.1.xsd 
	                    http://www.openspaces.org/schema/core http://www.openspaces.org/schema/9.1/core/openspaces-core.xsd
	                    http://www.openspaces.org/schema/events http://www.openspaces.org/schema/9.1/events/openspaces-events.xsd
						http://www.openspaces.org/schema/archive http://www.openspaces.org/schema/9.1/archive/openspaces-archive.xsd">

	<os-core:space id="space" url="/./space" />
	
	<os-core:local-tx-manager id="transactionManager" space="space"/>
	
	<os-core:giga-space id="gigaSpace" space="space" tx-manager="transactionManager"/>
	
	<os-archive:archive-container id="archiveContainer" giga-space="gigaSpace" batch-size="2" archive-handler="mockArchiveHandler">
    	<os-core:template ref="mockTemplate" />
    	<os-archive:tx-support tx-manager="transactionManager"/>
    </os-archive:archive-container>
	
	<!--  mocks -->
	<bean id = "mockArchiveHandler" class="org.openspaces.itest.archive.MockArchiveOperationsHandler">
		<property name="atomicArchiveOfMultipleObjects" value="true" />
	</bean>
   
   	<bean id="mockTemplate" class="org.openspaces.itest.events.pojos.MockPojo">
        <property name="processed" value="false"/>
    </bean>
</beans>
