<?xml version="1.0" encoding="UTF-8"?>
<beans xmlns="http://www.springframework.org/schema/beans"
	xmlns:xsi="http://www.w3.org/2001/XMLSchema-instance" xmlns:os-sla="http://www.openspaces.org/schema/sla"
	xmlns:context="http://www.springframework.org/schema/context"
	xmlns:os-core="http://www.openspaces.org/schema/core"
	xmlns:os-events="http://www.openspaces.org/schema/events"
	xmlns:os-archive="http://www.openspaces.org/schema/archive"
	xsi:schemaLocation="http://www.springframework.org/schema/beans http://www.springframework.org/schema/beans/spring-beans-3.2.xsd 
	                    http://www.springframework.org/schema/context http://www.springframework.org/schema/context/spring-context-3.2.xsd 
	                    http://www.openspaces.org/schema/core http://www.openspaces.org/schema/10.0/core/openspaces-core.xsd
	                    http://www.openspaces.org/schema/events http://www.openspaces.org/schema/10.0/events/openspaces-events.xsd 
	                    http://www.openspaces.org/schema/archive http://www.openspaces.org/schema/10.0/archive/openspaces-archive.xsd">

	<!-- Enable scan for OpenSpaces and Spring components -->
	<context:component-scan base-package="org.openspaces.itest.archive.statictemplate"/>
	
	<!-- Enable support for @Archive annotation -->
	<os-archive:annotation-support />
	
	<os-core:space id="space" url="/./space" />
	
	<os-core:local-tx-manager id="transactionManager" space="space"/>
	
	<os-core:giga-space id="gigaSpace" space="space" tx-manager="transactionManager"/>
	
	<!--  mocks -->
	<bean id= "mockArchiveHandler" class="org.openspaces.itest.archive.MockArchiveOperationsHandler">
		<property name="atomicArchiveOfMultipleObjects" value="true" />
	</bean>
   
</beans>