<?xml version="1.0" encoding="UTF-8"?>
<beans xmlns="http://www.springframework.org/schema/beans"
	xmlns:xsi="http://www.w3.org/2001/XMLSchema-instance" xmlns:os-sla="http://www.openspaces.org/schema/sla"
	xmlns:context="http://www.springframework.org/schema/context"
	xmlns:os-admin="http://www.openspaces.org/schema/admin"
	xsi:schemaLocation="http://www.springframework.org/schema/beans http://www.springframework.org/schema/beans/spring-beans-3.1.xsd 
	                    http://www.springframework.org/schema/context http://www.springframework.org/schema/context/spring-context-3.1.xsd
	                    http://www.openspaces.org/schema/admin http://www.openspaces.org/schema/9.0/admin/openspaces-admin.xsd">

	<context:annotation-config />

	<bean class="org.openspaces.admin.application.config.ApplicationConfig">

		<property name="name" value="test-application" />

		<property name="processingUnits">

			<list>

				<bean class="org.openspaces.admin.space.config.SpaceConfig">

					<property name="name" value="space" />
					<property name="clusterSchema" value="partitioned-sync2backup" />
					<property name="numberOfInstances" value="1"/>
					<property name="numberOfBackups" value="1" />
					<property name="maxInstancesPerVM" value="1" /> 
					<property name="maxInstancesPerMachine" value="0" />
					<property name="zones" value="zone1,zone2"/>
					<property name="secured" value="true" />
					<property name="slaLocation" value="slaLocation" />
					<property name="deploymentDependencies">
					<list>
						<bean class="org.openspaces.admin.pu.dependency.config.ProcessingUnitDependencyConfig">
							<property name="requiredProcessingUnitName" value="a" />
							<property name="waitForDeploymentToComplete" value="true" />
						</bean>
						<bean class="org.openspaces.admin.pu.dependency.config.ProcessingUnitDependencyConfig">
							<property name="requiredProcessingUnitName" value="b" />
							<property name="minimumNumberOfDeployedInstances" value="1" />
						</bean>
						<bean class="org.openspaces.admin.pu.dependency.config.ProcessingUnitDependencyConfig">
							<property name="requiredProcessingUnitName" value="a" />
							<property name="minimumNumberOfDeployedInstancesPerPartition" value="1" />
						</bean>
					</list>
					</property>
					<property name="contextProperties">
						<map><entry key="key" value="value"/></map>
					</property>
				</bean>

				<bean class="org.openspaces.admin.pu.config.ProcessingUnitConfig">

					<property name="processingUnit" value="processor.jar" />
					<property name="clusterSchema" value="partitioned-sync2backup" />
					<property name="numberOfInstances" value="1"/>
					<property name="numberOfBackups" value="1" />
					<property name="maxInstancesPerVM" value="1" /> 
					<property name="maxInstancesPerMachine" value="0" />
				</bean>

				<bean class="org.openspaces.admin.pu.config.ProcessingUnitConfig">
					<property name="processingUnit" value="feeder.jar" />
					<property name="deploymentDependencies">
						<list>
							<bean class="org.openspaces.admin.pu.dependency.config.ProcessingUnitDependencyConfig">
								<property name="requiredProcessingUnitName" value="space" />
								<property name="minimumNumberOfDeployedInstancesPerPartition" value="1" />
							</bean>
						</list>
					</property>
				</bean>
			</list>
		</property>
	</bean>
</beans>
