<?xml version="1.0" encoding="UTF-8"?>
<beans xmlns="http://www.springframework.org/schema/beans"
	xmlns:xsi="http://www.w3.org/2001/XMLSchema-instance"
	xmlns:context="http://www.springframework.org/schema/context"
	xmlns:os-admin="http://www.openspaces.org/schema/admin"
	xsi:schemaLocation="http://www.springframework.org/schema/beans http://www.springframework.org/schema/beans/spring-beans-3.1.xsd 
	                    http://www.springframework.org/schema/context http://www.springframework.org/schema/context/spring-context-3.1.xsd
	                    http://www.openspaces.org/schema/admin http://www.openspaces.org/schema/9.0/admin/openspaces-admin.xsd">

	<context:annotation-config />

	<os-admin:application name="test-application">
		
		<os-admin:space name="space"
			cluster-schema="partitioned-sync2backup"
			number-of-instances="1" number-of-backups="1"
			max-instances-per-vm="1" max-instances-per-machine="0" 
			zones="zone1,zone2" secured="true" sla-location="slaLocation">
        
	        <os-admin:depends-on name="a" min-instances-per-partition="1"/>
	        <os-admin:depends-on name="b" min-instances="1"/>
			<os-admin:depends-on name="a" />
	
			<os-admin:context-property key="key" value="value" />
			<os-admin:user-details username="username" password="password"/>
			<os-admin:max-instances-per-zone zone="zone" max-instances="1" />

		</os-admin:space>
			
		<os-admin:pu processing-unit="processor.jar"
			cluster-schema="partitioned-sync2backup"
			number-of-instances="1" number-of-backups="1"
			max-instances-per-vm="1" max-instances-per-machine="0" 
			zones="zone1,zone2" secured="true" sla-location="slaLocation">
	        
	        <os-admin:depends-on name="a" min-instances-per-partition="1"/>
	        <os-admin:depends-on name="b" min-instances="1"/>
			<os-admin:depends-on name="a" />
	
			<os-admin:context-property key="key" value="value" />
			<os-admin:user-details username="username" password="password"/>
			<os-admin:max-instances-per-zone zone="zone" max-instances="1" />
		</os-admin:pu>

		<os-admin:memcached space-url="spaceUrl"
			cluster-schema="partitioned-sync2backup"
			number-of-instances="1" number-of-backups="1"
			max-instances-per-vm="1" max-instances-per-machine="0" 
			zones="zone1,zone2" secured="true" sla-location="slaLocation">
        
	        <os-admin:depends-on name="a" min-instances-per-partition="1"/>
	        <os-admin:depends-on name="b" min-instances="1"/>
			<os-admin:depends-on name="a" />
	
			<os-admin:context-property key="key" value="value" />
			<os-admin:user-details username="username" password="password"/>
			<os-admin:max-instances-per-zone zone="zone" max-instances="1" />

		</os-admin:memcached>

	</os-admin:application>
</beans>